[0.451s] DEBUG:colcon:Command line arguments: ['/usr/bin/colcon', 'build']
[0.451s] DEBUG:colcon:Parsed command line arguments: Namespace(log_base=None, log_level=None, verb_name='build', build_base='build', install_base='install', merge_install=False, symlink_install=False, test_result_base=None, continue_on_error=False, executor='parallel', parallel_workers=8, event_handlers=None, ignore_user_meta=False, metas=['./colcon.meta'], base_paths=['.'], packages_ignore=None, packages_ignore_regex=None, paths=None, packages_up_to=None, packages_up_to_regex=None, packages_above=None, packages_above_and_dependencies=None, packages_above_depth=None, packages_select_by_dep=None, packages_skip_by_dep=None, packages_skip_up_to=None, packages_select_build_failed=False, packages_skip_build_finished=False, packages_select_test_failures=False, packages_skip_test_passed=False, packages_select=None, packages_skip=None, packages_select_regex=None, packages_skip_regex=None, packages_start=None, packages_end=None, allow_overriding=[], cmake_args=None, cmake_target=None, cmake_target_skip_unavailable=False, cmake_clean_cache=False, cmake_clean_first=False, cmake_force_configure=False, ament_cmake_args=None, catkin_cmake_args=None, catkin_skip_building_tests=False, mixin_files=None, mixin=None, verb_parser=<colcon_mixin.mixin.mixin_argument.MixinArgumentDecorator object at 0x75ffe7f98f80>, verb_extension=<colcon_core.verb.build.BuildVerb object at 0x75ffe7f98b60>, main=<bound method BuildVerb.main of <colcon_core.verb.build.BuildVerb object at 0x75ffe7f98b60>>, mixin_verb=('build',))
[0.567s] Level 1:colcon.colcon_core.package_discovery:discover_packages(colcon_meta) check parameters
[0.567s] Level 1:colcon.colcon_core.package_discovery:discover_packages(recursive) check parameters
[0.567s] Level 1:colcon.colcon_core.package_discovery:discover_packages(ignore) check parameters
[0.567s] Level 1:colcon.colcon_core.package_discovery:discover_packages(path) check parameters
[0.567s] Level 1:colcon.colcon_core.package_discovery:discover_packages(colcon_meta) discover
[0.567s] Level 1:colcon.colcon_core.package_discovery:discover_packages(recursive) discover
[0.567s] INFO:colcon.colcon_core.package_discovery:Crawling recursively for packages in '/home/samuel/uchile_robotics/jaime_manipulation'
[0.568s] Level 1:colcon.colcon_core.package_identification:_identify(.) by extensions ['ignore', 'ignore_ament_install']
[0.568s] Level 1:colcon.colcon_core.package_identification:_identify(.) by extension 'ignore'
[0.568s] Level 1:colcon.colcon_core.package_identification:_identify(.) by extension 'ignore_ament_install'
[0.568s] Level 1:colcon.colcon_core.package_identification:_identify(.) by extensions ['colcon_pkg']
[0.568s] Level 1:colcon.colcon_core.package_identification:_identify(.) by extension 'colcon_pkg'
[0.568s] Level 1:colcon.colcon_core.package_identification:_identify(.) by extensions ['colcon_meta']
[0.568s] Level 1:colcon.colcon_core.package_identification:_identify(.) by extension 'colcon_meta'
[0.568s] Level 1:colcon.colcon_core.package_identification:_identify(.) by extensions ['ros']
[0.568s] Level 1:colcon.colcon_core.package_identification:_identify(.) by extension 'ros'
[0.636s] DEBUG:colcon.colcon_core.package_identification:Package '.' with type 'ros.ament_cmake' and name 'jaime_manipulation'
[0.636s] Level 1:colcon.colcon_core.package_discovery:discover_packages(recursive) using defaults
[0.636s] Level 1:colcon.colcon_core.package_discovery:discover_packages(ignore) discover
[0.636s] Level 1:colcon.colcon_core.package_discovery:discover_packages(ignore) using defaults
[0.636s] Level 1:colcon.colcon_core.package_discovery:discover_packages(path) discover
[0.636s] Level 1:colcon.colcon_core.package_discovery:discover_packages(path) using defaults
[0.681s] Level 1:colcon.colcon_core.package_discovery:discover_packages(prefix_path) check parameters
[0.681s] Level 1:colcon.colcon_core.package_discovery:discover_packages(prefix_path) discover
[0.689s] DEBUG:colcon.colcon_installed_package_information.package_discovery:Found 366 installed packages in /opt/ros/jazzy
[0.691s] Level 1:colcon.colcon_core.package_discovery:discover_packages(prefix_path) using defaults
[0.799s] Level 5:colcon.colcon_core.verb:set package 'jaime_manipulation' build argument 'cmake_args' from command line to 'None'
[0.800s] Level 5:colcon.colcon_core.verb:set package 'jaime_manipulation' build argument 'cmake_target' from command line to 'None'
[0.800s] Level 5:colcon.colcon_core.verb:set package 'jaime_manipulation' build argument 'cmake_target_skip_unavailable' from command line to 'False'
[0.800s] Level 5:colcon.colcon_core.verb:set package 'jaime_manipulation' build argument 'cmake_clean_cache' from command line to 'False'
[0.800s] Level 5:colcon.colcon_core.verb:set package 'jaime_manipulation' build argument 'cmake_clean_first' from command line to 'False'
[0.800s] Level 5:colcon.colcon_core.verb:set package 'jaime_manipulation' build argument 'cmake_force_configure' from command line to 'False'
[0.800s] Level 5:colcon.colcon_core.verb:set package 'jaime_manipulation' build argument 'ament_cmake_args' from command line to 'None'
[0.800s] Level 5:colcon.colcon_core.verb:set package 'jaime_manipulation' build argument 'catkin_cmake_args' from command line to 'None'
[0.800s] Level 5:colcon.colcon_core.verb:set package 'jaime_manipulation' build argument 'catkin_skip_building_tests' from command line to 'False'
[0.800s] DEBUG:colcon.colcon_core.verb:Building package 'jaime_manipulation' with the following arguments: {'ament_cmake_args': None, 'build_base': '/home/samuel/uchile_robotics/jaime_manipulation/build/jaime_manipulation', 'catkin_cmake_args': None, 'catkin_skip_building_tests': False, 'cmake_args': None, 'cmake_clean_cache': False, 'cmake_clean_first': False, 'cmake_force_configure': False, 'cmake_target': None, 'cmake_target_skip_unavailable': False, 'install_base': '/home/samuel/uchile_robotics/jaime_manipulation/install/jaime_manipulation', 'merge_install': False, 'path': '/home/samuel/uchile_robotics/jaime_manipulation', 'symlink_install': False, 'test_result_base': None}
[0.800s] INFO:colcon.colcon_core.executor:Executing jobs using 'parallel' executor
[0.802s] DEBUG:colcon.colcon_parallel_executor.executor.parallel:run_until_complete
[0.802s] INFO:colcon.colcon_ros.task.ament_cmake.build:Building ROS package in '/home/samuel/uchile_robotics/jaime_manipulation' with build type 'ament_cmake'
[0.803s] INFO:colcon.colcon_cmake.task.cmake.build:Building CMake package in '/home/samuel/uchile_robotics/jaime_manipulation'
[0.810s] INFO:colcon.colcon_core.plugin_system:Skipping extension 'colcon_core.shell.bat': Not used on non-Windows systems
[0.811s] INFO:colcon.colcon_core.shell:Skip shell extension 'powershell' for command environment: Not usable outside of PowerShell
[0.811s] DEBUG:colcon.colcon_core.shell:Skip shell extension 'dsv' for command environment
[0.827s] DEBUG:colcon.colcon_core.event_handler.log_command:Invoking command in '/home/samuel/uchile_robotics/jaime_manipulation/build/jaime_manipulation': CMAKE_PREFIX_PATH=${CMAKE_PREFIX_PATH}:/opt/ros/jazzy DEBUGINFOD_URLS=https://debuginfod.ubuntu.com /usr/bin/cmake --build /home/samuel/uchile_robotics/jaime_manipulation/build/jaime_manipulation -- -j8 -l8
[0.971s] DEBUG:colcon.colcon_core.event_handler.log_command:Invoked command in '/home/samuel/uchile_robotics/jaime_manipulation/build/jaime_manipulation' returned '0': CMAKE_PREFIX_PATH=${CMAKE_PREFIX_PATH}:/opt/ros/jazzy DEBUGINFOD_URLS=https://debuginfod.ubuntu.com /usr/bin/cmake --build /home/samuel/uchile_robotics/jaime_manipulation/build/jaime_manipulation -- -j8 -l8
[0.993s] DEBUG:colcon.colcon_core.event_handler.log_command:Invoking command in '/home/samuel/uchile_robotics/jaime_manipulation/build/jaime_manipulation': CMAKE_PREFIX_PATH=${CMAKE_PREFIX_PATH}:/opt/ros/jazzy DEBUGINFOD_URLS=https://debuginfod.ubuntu.com /usr/bin/cmake --install /home/samuel/uchile_robotics/jaime_manipulation/build/jaime_manipulation
[1.511s] Level 1:colcon.colcon_core.environment:create_environment_scripts_only(jaime_manipulation)
[1.552s] Level 1:colcon.colcon_core.environment:checking '/home/samuel/uchile_robotics/jaime_manipulation/install/jaime_manipulation' for CMake module files
[1.560s] Level 1:colcon.colcon_core.environment:checking '/home/samuel/uchile_robotics/jaime_manipulation/install/jaime_manipulation' for CMake config files
[1.757s] DEBUG:colcon.colcon_core.event_handler.log_command:Invoked command in '/home/samuel/uchile_robotics/jaime_manipulation/build/jaime_manipulation' returned '0': CMAKE_PREFIX_PATH=${CMAKE_PREFIX_PATH}:/opt/ros/jazzy DEBUGINFOD_URLS=https://debuginfod.ubuntu.com /usr/bin/cmake --install /home/samuel/uchile_robotics/jaime_manipulation/build/jaime_manipulation
[1.777s] Level 1:colcon.colcon_core.shell:create_environment_hook('jaime_manipulation', 'cmake_prefix_path')
[1.777s] INFO:colcon.colcon_core.shell:Creating environment hook '/home/samuel/uchile_robotics/jaime_manipulation/install/jaime_manipulation/share/jaime_manipulation/hook/cmake_prefix_path.ps1'
[1.779s] INFO:colcon.colcon_core.shell:Creating environment descriptor '/home/samuel/uchile_robotics/jaime_manipulation/install/jaime_manipulation/share/jaime_manipulation/hook/cmake_prefix_path.dsv'
[1.780s] INFO:colcon.colcon_core.shell:Creating environment hook '/home/samuel/uchile_robotics/jaime_manipulation/install/jaime_manipulation/share/jaime_manipulation/hook/cmake_prefix_path.sh'
[1.782s] Level 1:colcon.colcon_core.environment:checking '/home/samuel/uchile_robotics/jaime_manipulation/install/jaime_manipulation/lib'
[1.782s] Level 1:colcon.colcon_core.environment:checking '/home/samuel/uchile_robotics/jaime_manipulation/install/jaime_manipulation/bin'
[1.782s] Level 1:colcon.colcon_core.environment:checking '/home/samuel/uchile_robotics/jaime_manipulation/install/jaime_manipulation/lib/pkgconfig/jaime_manipulation.pc'
[1.783s] Level 1:colcon.colcon_core.environment:checking '/home/samuel/uchile_robotics/jaime_manipulation/install/jaime_manipulation/lib/python3.12/site-packages'
[1.783s] Level 1:colcon.colcon_core.environment:checking '/home/samuel/uchile_robotics/jaime_manipulation/install/jaime_manipulation/bin'
[1.784s] INFO:colcon.colcon_core.shell:Creating package script '/home/samuel/uchile_robotics/jaime_manipulation/install/jaime_manipulation/share/jaime_manipulation/package.ps1'
[1.785s] INFO:colcon.colcon_core.shell:Creating package descriptor '/home/samuel/uchile_robotics/jaime_manipulation/install/jaime_manipulation/share/jaime_manipulation/package.dsv'
[1.786s] INFO:colcon.colcon_core.shell:Creating package script '/home/samuel/uchile_robotics/jaime_manipulation/install/jaime_manipulation/share/jaime_manipulation/package.sh'
[1.788s] INFO:colcon.colcon_core.shell:Creating package script '/home/samuel/uchile_robotics/jaime_manipulation/install/jaime_manipulation/share/jaime_manipulation/package.bash'
[1.790s] INFO:colcon.colcon_core.shell:Creating package script '/home/samuel/uchile_robotics/jaime_manipulation/install/jaime_manipulation/share/jaime_manipulation/package.zsh'
[1.791s] Level 1:colcon.colcon_core.environment:create_file_with_runtime_dependencies(/home/samuel/uchile_robotics/jaime_manipulation/install/jaime_manipulation/share/colcon-core/packages/jaime_manipulation)
[1.792s] Level 1:colcon.colcon_core.environment:create_environment_scripts_only(jaime_manipulation)
[1.792s] Level 1:colcon.colcon_core.environment:checking '/home/samuel/uchile_robotics/jaime_manipulation/install/jaime_manipulation' for CMake module files
[1.793s] Level 1:colcon.colcon_core.environment:checking '/home/samuel/uchile_robotics/jaime_manipulation/install/jaime_manipulation' for CMake config files
[1.814s] Level 1:colcon.colcon_core.shell:create_environment_hook('jaime_manipulation', 'cmake_prefix_path')
[1.814s] INFO:colcon.colcon_core.shell:Creating environment hook '/home/samuel/uchile_robotics/jaime_manipulation/install/jaime_manipulation/share/jaime_manipulation/hook/cmake_prefix_path.ps1'
[1.815s] INFO:colcon.colcon_core.shell:Creating environment descriptor '/home/samuel/uchile_robotics/jaime_manipulation/install/jaime_manipulation/share/jaime_manipulation/hook/cmake_prefix_path.dsv'
[1.816s] INFO:colcon.colcon_core.shell:Creating environment hook '/home/samuel/uchile_robotics/jaime_manipulation/install/jaime_manipulation/share/jaime_manipulation/hook/cmake_prefix_path.sh'
[1.817s] Level 1:colcon.colcon_core.environment:checking '/home/samuel/uchile_robotics/jaime_manipulation/install/jaime_manipulation/lib'
[1.817s] Level 1:colcon.colcon_core.environment:checking '/home/samuel/uchile_robotics/jaime_manipulation/install/jaime_manipulation/bin'
[1.817s] Level 1:colcon.colcon_core.environment:checking '/home/samuel/uchile_robotics/jaime_manipulation/install/jaime_manipulation/lib/pkgconfig/jaime_manipulation.pc'
[1.818s] Level 1:colcon.colcon_core.environment:checking '/home/samuel/uchile_robotics/jaime_manipulation/install/jaime_manipulation/lib/python3.12/site-packages'
[1.818s] Level 1:colcon.colcon_core.environment:checking '/home/samuel/uchile_robotics/jaime_manipulation/install/jaime_manipulation/bin'
[1.819s] INFO:colcon.colcon_core.shell:Creating package script '/home/samuel/uchile_robotics/jaime_manipulation/install/jaime_manipulation/share/jaime_manipulation/package.ps1'
[1.820s] INFO:colcon.colcon_core.shell:Creating package descriptor '/home/samuel/uchile_robotics/jaime_manipulation/install/jaime_manipulation/share/jaime_manipulation/package.dsv'
[1.821s] INFO:colcon.colcon_core.shell:Creating package script '/home/samuel/uchile_robotics/jaime_manipulation/install/jaime_manipulation/share/jaime_manipulation/package.sh'
[1.821s] INFO:colcon.colcon_core.shell:Creating package script '/home/samuel/uchile_robotics/jaime_manipulation/install/jaime_manipulation/share/jaime_manipulation/package.bash'
[1.822s] INFO:colcon.colcon_core.shell:Creating package script '/home/samuel/uchile_robotics/jaime_manipulation/install/jaime_manipulation/share/jaime_manipulation/package.zsh'
[1.823s] Level 1:colcon.colcon_core.environment:create_file_with_runtime_dependencies(/home/samuel/uchile_robotics/jaime_manipulation/install/jaime_manipulation/share/colcon-core/packages/jaime_manipulation)
[1.823s] DEBUG:colcon.colcon_parallel_executor.executor.parallel:closing loop
[1.824s] DEBUG:colcon.colcon_parallel_executor.executor.parallel:loop closed
[1.824s] DEBUG:colcon.colcon_parallel_executor.executor.parallel:run_until_complete finished with '0'
[1.824s] DEBUG:colcon.colcon_core.event_reactor:joining thread
[1.836s] INFO:colcon.colcon_core.plugin_system:Skipping extension 'colcon_notification.desktop_notification.terminal_notifier': Not used on non-Darwin systems
[1.836s] INFO:colcon.colcon_core.plugin_system:Skipping extension 'colcon_notification.desktop_notification.win32': Not used on non-Windows systems
[1.836s] INFO:colcon.colcon_notification.desktop_notification:Sending desktop notification using 'notify2'
[1.868s] DEBUG:colcon.colcon_core.event_reactor:joined thread
[1.869s] INFO:colcon.colcon_core.shell:Creating prefix script '/home/samuel/uchile_robotics/jaime_manipulation/install/local_setup.ps1'
[1.871s] INFO:colcon.colcon_core.shell:Creating prefix util module '/home/samuel/uchile_robotics/jaime_manipulation/install/_local_setup_util_ps1.py'
[1.873s] INFO:colcon.colcon_core.shell:Creating prefix chain script '/home/samuel/uchile_robotics/jaime_manipulation/install/setup.ps1'
[1.876s] INFO:colcon.colcon_core.shell:Creating prefix script '/home/samuel/uchile_robotics/jaime_manipulation/install/local_setup.sh'
[1.877s] INFO:colcon.colcon_core.shell:Creating prefix util module '/home/samuel/uchile_robotics/jaime_manipulation/install/_local_setup_util_sh.py'
[1.878s] INFO:colcon.colcon_core.shell:Creating prefix chain script '/home/samuel/uchile_robotics/jaime_manipulation/install/setup.sh'
[1.880s] INFO:colcon.colcon_core.shell:Creating prefix script '/home/samuel/uchile_robotics/jaime_manipulation/install/local_setup.bash'
[1.882s] INFO:colcon.colcon_core.shell:Creating prefix chain script '/home/samuel/uchile_robotics/jaime_manipulation/install/setup.bash'
[1.884s] INFO:colcon.colcon_core.shell:Creating prefix script '/home/samuel/uchile_robotics/jaime_manipulation/install/local_setup.zsh'
[1.885s] INFO:colcon.colcon_core.shell:Creating prefix chain script '/home/samuel/uchile_robotics/jaime_manipulation/install/setup.zsh'
