-- Install configuration: ""
-- Up-to-date: /home/jaime_ws/src/jaime_bringup/install/jaime_bringup/share/jaime_bringup//launch
-- Installing: /home/jaime_ws/src/jaime_bringup/install/jaime_bringup/share/jaime_bringup//launch/build
-- Installing: /home/jaime_ws/src/jaime_bringup/install/jaime_bringup/share/jaime_bringup//launch/build/.built_by
-- Installing: /home/jaime_ws/src/jaime_bringup/install/jaime_bringup/share/jaime_bringup//launch/build/COLCON_IGNORE
-- Installing: /home/jaime_ws/src/jaime_bringup/install/jaime_bringup/share/jaime_bringup//launch/log
-- Installing: /home/jaime_ws/src/jaime_bringup/install/jaime_bringup/share/jaime_bringup//launch/log/build_2025-12-11_09-33-34
-- Installing: /home/jaime_ws/src/jaime_bringup/install/jaime_bringup/share/jaime_bringup//launch/log/build_2025-12-11_09-33-34/logger_all.log
-- Installing: /home/jaime_ws/src/jaime_bringup/install/jaime_bringup/share/jaime_bringup//launch/log/build_2025-12-11_09-33-34/events.log
-- Installing: /home/jaime_ws/src/jaime_bringup/install/jaime_bringup/share/jaime_bringup//launch/log/latest
-- Installing: /home/jaime_ws/src/jaime_bringup/install/jaime_bringup/share/jaime_bringup//launch/log/COLCON_IGNORE
-- Installing: /home/jaime_ws/src/jaime_bringup/install/jaime_bringup/share/jaime_bringup//launch/log/latest_build
-- Up-to-date: /home/jaime_ws/src/jaime_bringup/install/jaime_bringup/share/jaime_bringup//launch/navigation
-- Up-to-date: /home/jaime_ws/src/jaime_bringup/install/jaime_bringup/share/jaime_bringup//launch/navigation/navigation_launch.py
-- Up-to-date: /home/jaime_ws/src/jaime_bringup/install/jaime_bringup/share/jaime_bringup//launch/robot
-- Installing: /home/jaime_ws/src/jaime_bringup/install/jaime_bringup/share/jaime_bringup//launch/robot/jaime_full.launch.py
-- Installing: /home/jaime_ws/src/jaime_bringup/install/jaime_bringup/share/jaime_bringup//launch/robot/jaime_basic.launch.py
-- Up-to-date: /home/jaime_ws/src/jaime_bringup/install/jaime_bringup/share/jaime_bringup//launch/robot/jaime_slam.launch.py
-- Installing: /home/jaime_ws/src/jaime_bringup/install/jaime_bringup/share/jaime_bringup//launch/install
-- Installing: /home/jaime_ws/src/jaime_bringup/install/jaime_bringup/share/jaime_bringup//launch/install/local_setup.bash
-- Installing: /home/jaime_ws/src/jaime_bringup/install/jaime_bringup/share/jaime_bringup//launch/install/setup.sh
-- Installing: /home/jaime_ws/src/jaime_bringup/install/jaime_bringup/share/jaime_bringup//launch/install/local_setup.ps1
-- Installing: /home/jaime_ws/src/jaime_bringup/install/jaime_bringup/share/jaime_bringup//launch/install/COLCON_IGNORE
-- Installing: /home/jaime_ws/src/jaime_bringup/install/jaime_bringup/share/jaime_bringup//launch/install/setup.ps1
-- Installing: /home/jaime_ws/src/jaime_bringup/install/jaime_bringup/share/jaime_bringup//launch/install/local_setup.sh
-- Installing: /home/jaime_ws/src/jaime_bringup/install/jaime_bringup/share/jaime_bringup//launch/install/setup.bash
-- Installing: /home/jaime_ws/src/jaime_bringup/install/jaime_bringup/share/jaime_bringup//launch/install/local_setup.zsh
-- Installing: /home/jaime_ws/src/jaime_bringup/install/jaime_bringup/share/jaime_bringup//launch/install/setup.zsh
-- Installing: /home/jaime_ws/src/jaime_bringup/install/jaime_bringup/share/jaime_bringup//launch/install/_local_setup_util_sh.py
-- Installing: /home/jaime_ws/src/jaime_bringup/install/jaime_bringup/share/jaime_bringup//launch/install/_local_setup_util_ps1.py
-- Installing: /home/jaime_ws/src/jaime_bringup/install/jaime_bringup/share/jaime_bringup//launch/install/.colcon_install_layout
-- Up-to-date: /home/jaime_ws/src/jaime_bringup/install/jaime_bringup/share/jaime_bringup//launch/localization
-- Up-to-date: /home/jaime_ws/src/jaime_bringup/install/jaime_bringup/share/jaime_bringup//launch/localization/slam_toolbox.launch.py
-- Up-to-date: /home/jaime_ws/src/jaime_bringup/install/jaime_bringup/share/jaime_bringup//launch/localization/jaime_cartographer.launch.py
-- Up-to-date: /home/jaime_ws/src/jaime_bringup/install/jaime_bringup/share/jaime_bringup//launch/localization/localization_launch.py
-- Up-to-date: /home/jaime_ws/src/jaime_bringup/install/jaime_bringup/share/jaime_bringup//launch/tools
-- Up-to-date: /home/jaime_ws/src/jaime_bringup/install/jaime_bringup/share/jaime_bringup//launch/tools/rviz
-- Up-to-date: /home/jaime_ws/src/jaime_bringup/install/jaime_bringup/share/jaime_bringup//launch/tools/rviz/jaime.rviz
-- Up-to-date: /home/jaime_ws/src/jaime_bringup/install/jaime_bringup/share/jaime_bringup/maps/
-- Up-to-date: /home/jaime_ws/src/jaime_bringup/install/jaime_bringup/share/jaime_bringup/maps//quimica
-- Up-to-date: /home/jaime_ws/src/jaime_bringup/install/jaime_bringup/share/jaime_bringup/maps//quimica/quimica_manual.pgm
-- Up-to-date: /home/jaime_ws/src/jaime_bringup/install/jaime_bringup/share/jaime_bringup/maps//quimica/quimica_autonomo.pgm
-- Up-to-date: /home/jaime_ws/src/jaime_bringup/install/jaime_bringup/share/jaime_bringup/maps//quimica/quimica_manual.yaml
-- Up-to-date: /home/jaime_ws/src/jaime_bringup/install/jaime_bringup/share/jaime_bringup/maps//quimica/quimica_autonomo.yaml
-- Up-to-date: /home/jaime_ws/src/jaime_bringup/install/jaime_bringup/share/jaime_bringup/maps//31_jul_2025_stage_auto
-- Up-to-date: /home/jaime_ws/src/jaime_bringup/install/jaime_bringup/share/jaime_bringup/maps//31_jul_2025_stage_auto/mapa.pgm
-- Up-to-date: /home/jaime_ws/src/jaime_bringup/install/jaime_bringup/share/jaime_bringup/maps//31_jul_2025_stage_auto/mapa.yaml
-- Up-to-date: /home/jaime_ws/src/jaime_bringup/install/jaime_bringup/share/jaime_bringup/maps//stage_5_may_2025
-- Up-to-date: /home/jaime_ws/src/jaime_bringup/install/jaime_bringup/share/jaime_bringup/maps//stage_5_may_2025/build
-- Up-to-date: /home/jaime_ws/src/jaime_bringup/install/jaime_bringup/share/jaime_bringup/maps//stage_5_may_2025/build/.built_by
-- Up-to-date: /home/jaime_ws/src/jaime_bringup/install/jaime_bringup/share/jaime_bringup/maps//stage_5_may_2025/build/COLCON_IGNORE
-- Up-to-date: /home/jaime_ws/src/jaime_bringup/install/jaime_bringup/share/jaime_bringup/maps//stage_5_may_2025/log
-- Up-to-date: /home/jaime_ws/src/jaime_bringup/install/jaime_bringup/share/jaime_bringup/maps//stage_5_may_2025/log/latest
-- Up-to-date: /home/jaime_ws/src/jaime_bringup/install/jaime_bringup/share/jaime_bringup/maps//stage_5_may_2025/log/COLCON_IGNORE
-- Up-to-date: /home/jaime_ws/src/jaime_bringup/install/jaime_bringup/share/jaime_bringup/maps//stage_5_may_2025/log/build_2025-12-10_22-09-44
-- Up-to-date: /home/jaime_ws/src/jaime_bringup/install/jaime_bringup/share/jaime_bringup/maps//stage_5_may_2025/log/build_2025-12-10_22-09-44/logger_all.log
-- Up-to-date: /home/jaime_ws/src/jaime_bringup/install/jaime_bringup/share/jaime_bringup/maps//stage_5_may_2025/log/build_2025-12-10_22-09-44/events.log
-- Up-to-date: /home/jaime_ws/src/jaime_bringup/install/jaime_bringup/share/jaime_bringup/maps//stage_5_may_2025/log/latest_build
-- Up-to-date: /home/jaime_ws/src/jaime_bringup/install/jaime_bringup/share/jaime_bringup/maps//stage_5_may_2025/stage_5_may_2025.yaml
-- Up-to-date: /home/jaime_ws/src/jaime_bringup/install/jaime_bringup/share/jaime_bringup/maps//stage_5_may_2025/stage_5_may_2025.pgm
-- Up-to-date: /home/jaime_ws/src/jaime_bringup/install/jaime_bringup/share/jaime_bringup/maps//stage_5_may_2025/install
-- Up-to-date: /home/jaime_ws/src/jaime_bringup/install/jaime_bringup/share/jaime_bringup/maps//stage_5_may_2025/install/local_setup.bash
-- Up-to-date: /home/jaime_ws/src/jaime_bringup/install/jaime_bringup/share/jaime_bringup/maps//stage_5_may_2025/install/setup.sh
-- Up-to-date: /home/jaime_ws/src/jaime_bringup/install/jaime_bringup/share/jaime_bringup/maps//stage_5_may_2025/install/local_setup.ps1
-- Up-to-date: /home/jaime_ws/src/jaime_bringup/install/jaime_bringup/share/jaime_bringup/maps//stage_5_may_2025/install/COLCON_IGNORE
-- Up-to-date: /home/jaime_ws/src/jaime_bringup/install/jaime_bringup/share/jaime_bringup/maps//stage_5_may_2025/install/setup.ps1
-- Up-to-date: /home/jaime_ws/src/jaime_bringup/install/jaime_bringup/share/jaime_bringup/maps//stage_5_may_2025/install/local_setup.sh
-- Up-to-date: /home/jaime_ws/src/jaime_bringup/install/jaime_bringup/share/jaime_bringup/maps//stage_5_may_2025/install/setup.bash
-- Up-to-date: /home/jaime_ws/src/jaime_bringup/install/jaime_bringup/share/jaime_bringup/maps//stage_5_may_2025/install/local_setup.zsh
-- Up-to-date: /home/jaime_ws/src/jaime_bringup/install/jaime_bringup/share/jaime_bringup/maps//stage_5_may_2025/install/setup.zsh
-- Up-to-date: /home/jaime_ws/src/jaime_bringup/install/jaime_bringup/share/jaime_bringup/maps//stage_5_may_2025/install/_local_setup_util_sh.py
-- Up-to-date: /home/jaime_ws/src/jaime_bringup/install/jaime_bringup/share/jaime_bringup/maps//stage_5_may_2025/install/_local_setup_util_ps1.py
-- Up-to-date: /home/jaime_ws/src/jaime_bringup/install/jaime_bringup/share/jaime_bringup/maps//stage_5_may_2025/install/.colcon_install_layout
-- Up-to-date: /home/jaime_ws/src/jaime_bringup/install/jaime_bringup/share/jaime_bringup/maps//env_30_may_2025
-- Up-to-date: /home/jaime_ws/src/jaime_bringup/install/jaime_bringup/share/jaime_bringup/maps//env_30_may_2025/env_30_may_2025.yaml
-- Up-to-date: /home/jaime_ws/src/jaime_bringup/install/jaime_bringup/share/jaime_bringup/maps//env_30_may_2025/env_30_may_2025.pgm
-- Up-to-date: /home/jaime_ws/src/jaime_bringup/install/jaime_bringup/share/jaime_bringup/params/
-- Up-to-date: /home/jaime_ws/src/jaime_bringup/install/jaime_bringup/share/jaime_bringup/params//maps
-- Installing: /home/jaime_ws/src/jaime_bringup/install/jaime_bringup/share/jaime_bringup/params//maps/maps.yaml
-- Up-to-date: /home/jaime_ws/src/jaime_bringup/install/jaime_bringup/share/jaime_bringup/params//navigation
-- Up-to-date: /home/jaime_ws/src/jaime_bringup/install/jaime_bringup/share/jaime_bringup/params//navigation/nav2_params.yaml
-- Up-to-date: /home/jaime_ws/src/jaime_bringup/install/jaime_bringup/share/jaime_bringup/params//localization
-- Up-to-date: /home/jaime_ws/src/jaime_bringup/install/jaime_bringup/share/jaime_bringup/params//localization/mapper_params_online_async.yaml
-- Up-to-date: /home/jaime_ws/src/jaime_bringup/install/jaime_bringup/share/jaime_bringup/params//localization/amcl.yaml
-- Up-to-date: /home/jaime_ws/src/jaime_bringup/install/jaime_bringup/share/jaime_bringup/params//localization/cartographer
-- Up-to-date: /home/jaime_ws/src/jaime_bringup/install/jaime_bringup/share/jaime_bringup/params//localization/cartographer/trajectory_builder_2d.lua
-- Up-to-date: /home/jaime_ws/src/jaime_bringup/install/jaime_bringup/share/jaime_bringup/params//localization/cartographer/cartographer_config.lua
-- Up-to-date: /home/jaime_ws/src/jaime_bringup/install/jaime_bringup/share/jaime_bringup/params//localization/cartographer/no_tengo_idea_porque_lua.txt
-- Up-to-date: /home/jaime_ws/src/jaime_bringup/install/jaime_bringup/share/jaime_bringup/params//localization/cartographer/map_builder_server.lua
-- Up-to-date: /home/jaime_ws/src/jaime_bringup/install/jaime_bringup/share/jaime_bringup/params//localization/cartographer/trajectory_builder_3d.lua
-- Up-to-date: /home/jaime_ws/src/jaime_bringup/install/jaime_bringup/share/jaime_bringup/params//localization/cartographer/pose_graph.lua
-- Up-to-date: /home/jaime_ws/src/jaime_bringup/install/jaime_bringup/share/jaime_bringup/params//localization/cartographer/trajectory_builder.lua
-- Up-to-date: /home/jaime_ws/src/jaime_bringup/install/jaime_bringup/share/jaime_bringup/params//localization/cartographer/map_builder.lua
-- Up-to-date: /home/jaime_ws/src/jaime_bringup/install/jaime_bringup/share/ament_index/resource_index/package_run_dependencies/jaime_bringup
-- Up-to-date: /home/jaime_ws/src/jaime_bringup/install/jaime_bringup/share/ament_index/resource_index/parent_prefix_path/jaime_bringup
-- Up-to-date: /home/jaime_ws/src/jaime_bringup/install/jaime_bringup/share/jaime_bringup/environment/ament_prefix_path.sh
-- Up-to-date: /home/jaime_ws/src/jaime_bringup/install/jaime_bringup/share/jaime_bringup/environment/ament_prefix_path.dsv
-- Up-to-date: /home/jaime_ws/src/jaime_bringup/install/jaime_bringup/share/jaime_bringup/environment/path.sh
-- Up-to-date: /home/jaime_ws/src/jaime_bringup/install/jaime_bringup/share/jaime_bringup/environment/path.dsv
-- Up-to-date: /home/jaime_ws/src/jaime_bringup/install/jaime_bringup/share/jaime_bringup/local_setup.bash
-- Up-to-date: /home/jaime_ws/src/jaime_bringup/install/jaime_bringup/share/jaime_bringup/local_setup.sh
-- Up-to-date: /home/jaime_ws/src/jaime_bringup/install/jaime_bringup/share/jaime_bringup/local_setup.zsh
-- Up-to-date: /home/jaime_ws/src/jaime_bringup/install/jaime_bringup/share/jaime_bringup/local_setup.dsv
-- Up-to-date: /home/jaime_ws/src/jaime_bringup/install/jaime_bringup/share/jaime_bringup/package.dsv
-- Up-to-date: /home/jaime_ws/src/jaime_bringup/install/jaime_bringup/share/ament_index/resource_index/packages/jaime_bringup
-- Up-to-date: /home/jaime_ws/src/jaime_bringup/install/jaime_bringup/share/jaime_bringup/cmake/jaime_bringupConfig.cmake
-- Up-to-date: /home/jaime_ws/src/jaime_bringup/install/jaime_bringup/share/jaime_bringup/cmake/jaime_bringupConfig-version.cmake
-- Up-to-date: /home/jaime_ws/src/jaime_bringup/install/jaime_bringup/share/jaime_bringup/package.xml
