[0.010s] Invoking command in '/home/jaime_ws/src/jaime_bringup/build/jaime_bringup': CMAKE_PREFIX_PATH=${CMAKE_PREFIX_PATH}:/home/jaime_ws/install/uchile_navigation:/home/jaime_ws/install/jaime_tablet:/opt/ros/jazzy /usr/bin/cmake --build /home/jaime_ws/src/jaime_bringup/build/jaime_bringup -- -j16 -l16
[0.046s] Invoked command in '/home/jaime_ws/src/jaime_bringup/build/jaime_bringup' returned '0': CMAKE_PREFIX_PATH=${CMAKE_PREFIX_PATH}:/home/jaime_ws/install/uchile_navigation:/home/jaime_ws/install/jaime_tablet:/opt/ros/jazzy /usr/bin/cmake --build /home/jaime_ws/src/jaime_bringup/build/jaime_bringup -- -j16 -l16
[0.054s] Invoking command in '/home/jaime_ws/src/jaime_bringup/build/jaime_bringup': CMAKE_PREFIX_PATH=${CMAKE_PREFIX_PATH}:/home/jaime_ws/install/uchile_navigation:/home/jaime_ws/install/jaime_tablet:/opt/ros/jazzy /usr/bin/cmake --install /home/jaime_ws/src/jaime_bringup/build/jaime_bringup
[0.060s] -- Install configuration: ""
[0.060s] -- Up-to-date: /home/jaime_ws/src/jaime_bringup/install/jaime_bringup/share/jaime_bringup//launch
[0.060s] -- Installing: /home/jaime_ws/src/jaime_bringup/install/jaime_bringup/share/jaime_bringup//launch/build
[0.060s] -- Installing: /home/jaime_ws/src/jaime_bringup/install/jaime_bringup/share/jaime_bringup//launch/build/.built_by
[0.061s] -- Installing: /home/jaime_ws/src/jaime_bringup/install/jaime_bringup/share/jaime_bringup//launch/build/COLCON_IGNORE
[0.061s] -- Installing: /home/jaime_ws/src/jaime_bringup/install/jaime_bringup/share/jaime_bringup//launch/log
[0.061s] -- Installing: /home/jaime_ws/src/jaime_bringup/install/jaime_bringup/share/jaime_bringup//launch/log/build_2025-12-11_09-33-34
[0.061s] -- Installing: /home/jaime_ws/src/jaime_bringup/install/jaime_bringup/share/jaime_bringup//launch/log/build_2025-12-11_09-33-34/logger_all.log
[0.061s] -- Installing: /home/jaime_ws/src/jaime_bringup/install/jaime_bringup/share/jaime_bringup//launch/log/build_2025-12-11_09-33-34/events.log
[0.061s] -- Installing: /home/jaime_ws/src/jaime_bringup/install/jaime_bringup/share/jaime_bringup//launch/log/latest
[0.061s] -- Installing: /home/jaime_ws/src/jaime_bringup/install/jaime_bringup/share/jaime_bringup//launch/log/COLCON_IGNORE
[0.061s] -- Installing: /home/jaime_ws/src/jaime_bringup/install/jaime_bringup/share/jaime_bringup//launch/log/latest_build
[0.061s] -- Up-to-date: /home/jaime_ws/src/jaime_bringup/install/jaime_bringup/share/jaime_bringup//launch/navigation
[0.061s] -- Up-to-date: /home/jaime_ws/src/jaime_bringup/install/jaime_bringup/share/jaime_bringup//launch/navigation/navigation_launch.py
[0.061s] -- Up-to-date: /home/jaime_ws/src/jaime_bringup/install/jaime_bringup/share/jaime_bringup//launch/robot
[0.061s] -- Installing: /home/jaime_ws/src/jaime_bringup/install/jaime_bringup/share/jaime_bringup//launch/robot/jaime_full.launch.py
[0.061s] -- Installing: /home/jaime_ws/src/jaime_bringup/install/jaime_bringup/share/jaime_bringup//launch/robot/jaime_basic.launch.py
[0.061s] -- Up-to-date: /home/jaime_ws/src/jaime_bringup/install/jaime_bringup/share/jaime_bringup//launch/robot/jaime_slam.launch.py
[0.061s] -- Installing: /home/jaime_ws/src/jaime_bringup/install/jaime_bringup/share/jaime_bringup//launch/install
[0.061s] -- Installing: /home/jaime_ws/src/jaime_bringup/install/jaime_bringup/share/jaime_bringup//launch/install/local_setup.bash
[0.061s] -- Installing: /home/jaime_ws/src/jaime_bringup/install/jaime_bringup/share/jaime_bringup//launch/install/setup.sh
[0.061s] -- Installing: /home/jaime_ws/src/jaime_bringup/install/jaime_bringup/share/jaime_bringup//launch/install/local_setup.ps1
[0.061s] -- Installing: /home/jaime_ws/src/jaime_bringup/install/jaime_bringup/share/jaime_bringup//launch/install/COLCON_IGNORE
[0.061s] -- Installing: /home/jaime_ws/src/jaime_bringup/install/jaime_bringup/share/jaime_bringup//launch/install/setup.ps1
[0.062s] -- Installing: /home/jaime_ws/src/jaime_bringup/install/jaime_bringup/share/jaime_bringup//launch/install/local_setup.sh
[0.062s] -- Installing: /home/jaime_ws/src/jaime_bringup/install/jaime_bringup/share/jaime_bringup//launch/install/setup.bash
[0.062s] -- Installing: /home/jaime_ws/src/jaime_bringup/install/jaime_bringup/share/jaime_bringup//launch/install/local_setup.zsh
[0.062s] -- Installing: /home/jaime_ws/src/jaime_bringup/install/jaime_bringup/share/jaime_bringup//launch/install/setup.zsh
[0.062s] -- Installing: /home/jaime_ws/src/jaime_bringup/install/jaime_bringup/share/jaime_bringup//launch/install/_local_setup_util_sh.py
[0.062s] -- Installing: /home/jaime_ws/src/jaime_bringup/install/jaime_bringup/share/jaime_bringup//launch/install/_local_setup_util_ps1.py
[0.062s] -- Installing: /home/jaime_ws/src/jaime_bringup/install/jaime_bringup/share/jaime_bringup//launch/install/.colcon_install_layout
[0.062s] -- Up-to-date: /home/jaime_ws/src/jaime_bringup/install/jaime_bringup/share/jaime_bringup//launch/localization
[0.063s] -- Up-to-date: /home/jaime_ws/src/jaime_bringup/install/jaime_bringup/share/jaime_bringup//launch/localization/slam_toolbox.launch.py
[0.063s] -- Up-to-date: /home/jaime_ws/src/jaime_bringup/install/jaime_bringup/share/jaime_bringup//launch/localization/jaime_cartographer.launch.py
[0.063s] -- Up-to-date: /home/jaime_ws/src/jaime_bringup/install/jaime_bringup/share/jaime_bringup//launch/localization/localization_launch.py
[0.063s] -- Up-to-date: /home/jaime_ws/src/jaime_bringup/install/jaime_bringup/share/jaime_bringup//launch/tools
[0.063s] -- Up-to-date: /home/jaime_ws/src/jaime_bringup/install/jaime_bringup/share/jaime_bringup//launch/tools/rviz
[0.063s] -- Up-to-date: /home/jaime_ws/src/jaime_bringup/install/jaime_bringup/share/jaime_bringup//launch/tools/rviz/jaime.rviz
[0.063s] -- Up-to-date: /home/jaime_ws/src/jaime_bringup/install/jaime_bringup/share/jaime_bringup/maps/
[0.063s] -- Up-to-date: /home/jaime_ws/src/jaime_bringup/install/jaime_bringup/share/jaime_bringup/maps//quimica
[0.063s] -- Up-to-date: /home/jaime_ws/src/jaime_bringup/install/jaime_bringup/share/jaime_bringup/maps//quimica/quimica_manual.pgm
[0.063s] -- Up-to-date: /home/jaime_ws/src/jaime_bringup/install/jaime_bringup/share/jaime_bringup/maps//quimica/quimica_autonomo.pgm
[0.063s] -- Up-to-date: /home/jaime_ws/src/jaime_bringup/install/jaime_bringup/share/jaime_bringup/maps//quimica/quimica_manual.yaml
[0.063s] -- Up-to-date: /home/jaime_ws/src/jaime_bringup/install/jaime_bringup/share/jaime_bringup/maps//quimica/quimica_autonomo.yaml
[0.063s] -- Up-to-date: /home/jaime_ws/src/jaime_bringup/install/jaime_bringup/share/jaime_bringup/maps//31_jul_2025_stage_auto
[0.063s] -- Up-to-date: /home/jaime_ws/src/jaime_bringup/install/jaime_bringup/share/jaime_bringup/maps//31_jul_2025_stage_auto/mapa.pgm
[0.063s] -- Up-to-date: /home/jaime_ws/src/jaime_bringup/install/jaime_bringup/share/jaime_bringup/maps//31_jul_2025_stage_auto/mapa.yaml
[0.063s] -- Up-to-date: /home/jaime_ws/src/jaime_bringup/install/jaime_bringup/share/jaime_bringup/maps//stage_5_may_2025
[0.063s] -- Up-to-date: /home/jaime_ws/src/jaime_bringup/install/jaime_bringup/share/jaime_bringup/maps//stage_5_may_2025/build
[0.063s] -- Up-to-date: /home/jaime_ws/src/jaime_bringup/install/jaime_bringup/share/jaime_bringup/maps//stage_5_may_2025/build/.built_by
[0.063s] -- Up-to-date: /home/jaime_ws/src/jaime_bringup/install/jaime_bringup/share/jaime_bringup/maps//stage_5_may_2025/build/COLCON_IGNORE
[0.063s] -- Up-to-date: /home/jaime_ws/src/jaime_bringup/install/jaime_bringup/share/jaime_bringup/maps//stage_5_may_2025/log
[0.063s] -- Up-to-date: /home/jaime_ws/src/jaime_bringup/install/jaime_bringup/share/jaime_bringup/maps//stage_5_may_2025/log/latest
[0.063s] -- Up-to-date: /home/jaime_ws/src/jaime_bringup/install/jaime_bringup/share/jaime_bringup/maps//stage_5_may_2025/log/COLCON_IGNORE
[0.063s] -- Up-to-date: /home/jaime_ws/src/jaime_bringup/install/jaime_bringup/share/jaime_bringup/maps//stage_5_may_2025/log/build_2025-12-10_22-09-44
[0.063s] -- Up-to-date: /home/jaime_ws/src/jaime_bringup/install/jaime_bringup/share/jaime_bringup/maps//stage_5_may_2025/log/build_2025-12-10_22-09-44/logger_all.log
[0.064s] -- Up-to-date: /home/jaime_ws/src/jaime_bringup/install/jaime_bringup/share/jaime_bringup/maps//stage_5_may_2025/log/build_2025-12-10_22-09-44/events.log
[0.064s] -- Up-to-date: /home/jaime_ws/src/jaime_bringup/install/jaime_bringup/share/jaime_bringup/maps//stage_5_may_2025/log/latest_build
[0.064s] -- Up-to-date: /home/jaime_ws/src/jaime_bringup/install/jaime_bringup/share/jaime_bringup/maps//stage_5_may_2025/stage_5_may_2025.yaml
[0.064s] -- Up-to-date: /home/jaime_ws/src/jaime_bringup/install/jaime_bringup/share/jaime_bringup/maps//stage_5_may_2025/stage_5_may_2025.pgm
[0.064s] -- Up-to-date: /home/jaime_ws/src/jaime_bringup/install/jaime_bringup/share/jaime_bringup/maps//stage_5_may_2025/install
[0.064s] -- Up-to-date: /home/jaime_ws/src/jaime_bringup/install/jaime_bringup/share/jaime_bringup/maps//stage_5_may_2025/install/local_setup.bash
[0.064s] -- Up-to-date: /home/jaime_ws/src/jaime_bringup/install/jaime_bringup/share/jaime_bringup/maps//stage_5_may_2025/install/setup.sh
[0.064s] -- Up-to-date: /home/jaime_ws/src/jaime_bringup/install/jaime_bringup/share/jaime_bringup/maps//stage_5_may_2025/install/local_setup.ps1
[0.064s] -- Up-to-date: /home/jaime_ws/src/jaime_bringup/install/jaime_bringup/share/jaime_bringup/maps//stage_5_may_2025/install/COLCON_IGNORE
[0.064s] -- Up-to-date: /home/jaime_ws/src/jaime_bringup/install/jaime_bringup/share/jaime_bringup/maps//stage_5_may_2025/install/setup.ps1
[0.064s] -- Up-to-date: /home/jaime_ws/src/jaime_bringup/install/jaime_bringup/share/jaime_bringup/maps//stage_5_may_2025/install/local_setup.sh
[0.064s] -- Up-to-date: /home/jaime_ws/src/jaime_bringup/install/jaime_bringup/share/jaime_bringup/maps//stage_5_may_2025/install/setup.bash
[0.064s] -- Up-to-date: /home/jaime_ws/src/jaime_bringup/install/jaime_bringup/share/jaime_bringup/maps//stage_5_may_2025/install/local_setup.zsh
[0.064s] -- Up-to-date: /home/jaime_ws/src/jaime_bringup/install/jaime_bringup/share/jaime_bringup/maps//stage_5_may_2025/install/setup.zsh
[0.064s] -- Up-to-date: /home/jaime_ws/src/jaime_bringup/install/jaime_bringup/share/jaime_bringup/maps//stage_5_may_2025/install/_local_setup_util_sh.py
[0.064s] -- Up-to-date: /home/jaime_ws/src/jaime_bringup/install/jaime_bringup/share/jaime_bringup/maps//stage_5_may_2025/install/_local_setup_util_ps1.py
[0.064s] -- Up-to-date: /home/jaime_ws/src/jaime_bringup/install/jaime_bringup/share/jaime_bringup/maps//stage_5_may_2025/install/.colcon_install_layout
[0.064s] -- Up-to-date: /home/jaime_ws/src/jaime_bringup/install/jaime_bringup/share/jaime_bringup/maps//env_30_may_2025
[0.064s] -- Up-to-date: /home/jaime_ws/src/jaime_bringup/install/jaime_bringup/share/jaime_bringup/maps//env_30_may_2025/env_30_may_2025.yaml
[0.064s] -- Up-to-date: /home/jaime_ws/src/jaime_bringup/install/jaime_bringup/share/jaime_bringup/maps//env_30_may_2025/env_30_may_2025.pgm
[0.064s] -- Up-to-date: /home/jaime_ws/src/jaime_bringup/install/jaime_bringup/share/jaime_bringup/params/
[0.064s] -- Up-to-date: /home/jaime_ws/src/jaime_bringup/install/jaime_bringup/share/jaime_bringup/params//maps
[0.064s] -- Installing: /home/jaime_ws/src/jaime_bringup/install/jaime_bringup/share/jaime_bringup/params//maps/maps.yaml
[0.064s] -- Up-to-date: /home/jaime_ws/src/jaime_bringup/install/jaime_bringup/share/jaime_bringup/params//navigation
[0.064s] -- Up-to-date: /home/jaime_ws/src/jaime_bringup/install/jaime_bringup/share/jaime_bringup/params//navigation/nav2_params.yaml
[0.064s] -- Up-to-date: /home/jaime_ws/src/jaime_bringup/install/jaime_bringup/share/jaime_bringup/params//localization
[0.064s] -- Up-to-date: /home/jaime_ws/src/jaime_bringup/install/jaime_bringup/share/jaime_bringup/params//localization/mapper_params_online_async.yaml
[0.065s] -- Up-to-date: /home/jaime_ws/src/jaime_bringup/install/jaime_bringup/share/jaime_bringup/params//localization/amcl.yaml
[0.065s] -- Up-to-date: /home/jaime_ws/src/jaime_bringup/install/jaime_bringup/share/jaime_bringup/params//localization/cartographer
[0.065s] -- Up-to-date: /home/jaime_ws/src/jaime_bringup/install/jaime_bringup/share/jaime_bringup/params//localization/cartographer/trajectory_builder_2d.lua
[0.065s] -- Up-to-date: /home/jaime_ws/src/jaime_bringup/install/jaime_bringup/share/jaime_bringup/params//localization/cartographer/cartographer_config.lua
[0.065s] -- Up-to-date: /home/jaime_ws/src/jaime_bringup/install/jaime_bringup/share/jaime_bringup/params//localization/cartographer/no_tengo_idea_porque_lua.txt
[0.065s] -- Up-to-date: /home/jaime_ws/src/jaime_bringup/install/jaime_bringup/share/jaime_bringup/params//localization/cartographer/map_builder_server.lua
[0.065s] -- Up-to-date: /home/jaime_ws/src/jaime_bringup/install/jaime_bringup/share/jaime_bringup/params//localization/cartographer/trajectory_builder_3d.lua
[0.065s] -- Up-to-date: /home/jaime_ws/src/jaime_bringup/install/jaime_bringup/share/jaime_bringup/params//localization/cartographer/pose_graph.lua
[0.065s] -- Up-to-date: /home/jaime_ws/src/jaime_bringup/install/jaime_bringup/share/jaime_bringup/params//localization/cartographer/trajectory_builder.lua
[0.065s] -- Up-to-date: /home/jaime_ws/src/jaime_bringup/install/jaime_bringup/share/jaime_bringup/params//localization/cartographer/map_builder.lua
[0.065s] -- Up-to-date: /home/jaime_ws/src/jaime_bringup/install/jaime_bringup/share/ament_index/resource_index/package_run_dependencies/jaime_bringup
[0.065s] -- Up-to-date: /home/jaime_ws/src/jaime_bringup/install/jaime_bringup/share/ament_index/resource_index/parent_prefix_path/jaime_bringup
[0.065s] -- Up-to-date: /home/jaime_ws/src/jaime_bringup/install/jaime_bringup/share/jaime_bringup/environment/ament_prefix_path.sh
[0.065s] -- Up-to-date: /home/jaime_ws/src/jaime_bringup/install/jaime_bringup/share/jaime_bringup/environment/ament_prefix_path.dsv
[0.065s] -- Up-to-date: /home/jaime_ws/src/jaime_bringup/install/jaime_bringup/share/jaime_bringup/environment/path.sh
[0.065s] -- Up-to-date: /home/jaime_ws/src/jaime_bringup/install/jaime_bringup/share/jaime_bringup/environment/path.dsv
[0.065s] -- Up-to-date: /home/jaime_ws/src/jaime_bringup/install/jaime_bringup/share/jaime_bringup/local_setup.bash
[0.065s] -- Up-to-date: /home/jaime_ws/src/jaime_bringup/install/jaime_bringup/share/jaime_bringup/local_setup.sh
[0.065s] -- Up-to-date: /home/jaime_ws/src/jaime_bringup/install/jaime_bringup/share/jaime_bringup/local_setup.zsh
[0.065s] -- Up-to-date: /home/jaime_ws/src/jaime_bringup/install/jaime_bringup/share/jaime_bringup/local_setup.dsv
[0.065s] -- Up-to-date: /home/jaime_ws/src/jaime_bringup/install/jaime_bringup/share/jaime_bringup/package.dsv
[0.065s] -- Up-to-date: /home/jaime_ws/src/jaime_bringup/install/jaime_bringup/share/ament_index/resource_index/packages/jaime_bringup
[0.065s] -- Up-to-date: /home/jaime_ws/src/jaime_bringup/install/jaime_bringup/share/jaime_bringup/cmake/jaime_bringupConfig.cmake
[0.065s] -- Up-to-date: /home/jaime_ws/src/jaime_bringup/install/jaime_bringup/share/jaime_bringup/cmake/jaime_bringupConfig-version.cmake
[0.065s] -- Up-to-date: /home/jaime_ws/src/jaime_bringup/install/jaime_bringup/share/jaime_bringup/package.xml
[0.066s] Invoked command in '/home/jaime_ws/src/jaime_bringup/build/jaime_bringup' returned '0': CMAKE_PREFIX_PATH=${CMAKE_PREFIX_PATH}:/home/jaime_ws/install/uchile_navigation:/home/jaime_ws/install/jaime_tablet:/opt/ros/jazzy /usr/bin/cmake --install /home/jaime_ws/src/jaime_bringup/build/jaime_bringup
